<!DOCTYPE html>
<html>
<body style="	COLOR:#000000;	TEXT-ALIGN:center;	FONT-SIZE:1px;">
<p style="	white-space:pre;	FONT-FAMILY:Courier New;	FONT-SIZE:1.171875rem;	LETTER-SPACING:0.15em;	LINE-HEIGHT:0.800000em;">
                                                                                                                                
                                                                                                                                
                                                                                                                                
                                                                                                                                
                                                                                                                                
                                                                                                                                
                                                                                                                                
                                                                                                                                
                                                                                                                                
                                                                                                                                
                                                                                                                                
                                                                                                                                
                                                                                                                                
                                                                                                                                
                                                                                                                                
                                                                                                                                
                                                                                                                                
                                                                                                                                
                                                                                                                                
                                                                                                                                
                                                                                                                                
                                                                                                                                
                                                                                                                                
                                                                                                                                
                                                                               !                                                
                                                                             !r!                                                
                                                                            !rvo                                                
                                                                           !oorv                                                
                                             !!                           !oooor                                                
                                             oo!!                        !o!!ooo                                                
                                             oo!!!                       !!!!!oo!                                               
                                             ro!!!!                     !!!!!!!o!                                               
                                             o!!!!!!                   !!!!!!!!o!                                               
                                             !!!!!!!!                  !!!!!!!!o!                                               
                                             !!!!!!!!!                !!!!!!!!!!                                                
                                             !o!!!!!!!!            !!!!!!!!!!!!!                                                
                                              !!!!!!!!!!!!! !! !!!oooo!!!!!!!!!!                                                
                                              !!!!!!!!!!oovo!or!!roo!!!!!!!!!!!!                                                
                                              !!!!!!!!!!!!ov!ro!o!!o!!!!!!!!!!!!                                                
                                               !!!!!!!!!!!!rotvoo!!oo!!!!!!!!!!!                                                
                                               !!!!!!!!!oo!!ouuoo!!rt!!o!!!!!!!!                                                
                                               !!!!!!!!!or!!!rt!!!!ox!!!!!!!oo!!                                                
                                               !!!!!!!!!ru!!!or!!!!!t!!!!!!!!oo!                                                
                                               !!!!!!!!!!t!oo!o!ov!!!oy$yv!!!ov                                                 
                                               !!!!!!!vv!!!!r!o!!o!!tBBQwyttuov!                                                
                                                !!!!vQQQQu!!!oo!o! !QuyBoz!!uxtr                                                
                                               !!outuzz$zxt !ooo!! vzo$Nuz!!rszu!                                               
                                               !ozr!vry$xos!!oro!!!sxox$vz!ouxxu!                                               
                                              !otx!!!vsNztst!ovvo!oxsxtvr!!ttvuuv                                               
                                              !rzzr!!rtutxsyvvttvru$x!!!!rttuoozu!                                              
                                              !vzotvr!!!!!yyuxuuzxzwso!rvuuur!oxz!                                              
                                              !tv!ovrrvv!vyssxuuzsyxxuruuzztvoovr                                               
                                              !ur!orrvuutzuxstrrvxwtovrvuzzzsyxuo                                               
                                              ozo!!ortvovr!vzo!!otz!!otrrtsyssssr!                                              
                                              !tttuoororuo!!vuoouu!!!ottovszvrru!                                               
                                              ozuzxzuvottr!! !rvr! !!!!!!oroooru!                                               
                                             !!rtvvxsto!!!!!  !r!  !!!!!!vvrvrro!                                               
                                             !!orvorrto!!!!!  !!!!   !!!!!!ruzvo!                                               
                                             !!!!otr!!!!!!!!!!!o!!!!!!!!!!ovro!!!                                               
                                             !!!!!!or!!!!!!!!!our!!!!!!!!ovo!!!!!                                               
                                             !o!!!!!!!!!!!!!!vtrrttr!!!!or!!!!!!                                                
                                            !!!o!!!!!!or!!!!vo!!!!oooorvo!!!!!!                                                 
                                            !ooorr!!!!!!vto!!!!!!!!!oruv!!!!!!                                                  
                                          !oo!ouururrv!!ortv!!!!o!orvvtvrrtu!                                                   
                                        !!rv!otvvxsyxtvtortvrooooorrvtzw$wyz!                                                   
                                       !ovvvorrruzswsxsztzxsxtvrvvvtsQHHm$yxt!                                                  
                                      !ovvuto!vutuxs$mHBBHNNHmQQ$$QHNHHHmQwszu!                                                 
                                     !ovvtvzoovuuzuuuxyywmHBBNWWNWWWNHmQQ$ysxur!                                                
                                    !orvvvttvoruzxzzzzuuuymmQQmmBNNNH$$$$yxuuut!                                                
                                   !orvvrvvut!otxysyxuzutzyQQwxxxxzxsywysuuuuut!                                                
                                  !oovvrrovtto!ouxsyyszzzuuyQwzuutttzsyztvvtttt!                                                
                                 !orvvvoooootro!ortxyyyxttvuxsxtvvtuzsxvoovzutu!                                                
                                !orrrrvovoorrvrrooovxsyszttvvuutvrruuzvooovtuzu!                                                
                                !oorrrrrvrrorrrortvovzxysuvvroorooorvtvrorvtuut!                                                
                               !orrrrrrorrroorvtvorrrtuuwwuvrooooo!!ovvooovttuv!!                                               
                              !ovvrrrvvooo!ooorrtuo!ovuts$ytroooooooroooortuuvo!                                                
                              !vvorrrvtroooorrrrrrvvvvuuvymyuoooooortvo!ooturoo!                                                
                             !ororuttvooooooorrrrrvutrvttxQQwtrooro!oro!rtttovo!                                                
                             !oooovroro!!!!orrrrvrtuzvrrttxQ$yzvo!o!!oorzuvrov!!                                                
                            !oo!!!!!!!orvvroovttuvvtztrovtrswwsuroooortxxrooro!                                                 
                            !oorro!!!!!otzxxtvuzxuuxuuvrzsrvxxyyztuvvvzztrruzt!                                                 
                           !o!orvttro!!!orzysxzzxszxxxytuxrorvu$szzuzurrroxzvv!                                                 
                          !o!!!!ovvtuuuuutzzswysxzszxxsztzxo!vvswsxzuooootuvvt!                                                 
                          !o!!!!!!!rvtttuxy$mQwyssszuxsxrvxtooovuuzzvo!ouurrvv!                                                 
                         !!ooorroooroorvzyQmBmBm$wszuxyzortroo!!!oovo!ovvrvttr!                                                 
                        rttvtuzzur!!otxsyyyxuzzs$Qwszuxxortrrvr!!ooo!xxvrvtttv!   !!!!!!!!!!!!!!!o!oo!!!                        
                        txxxxxssxuvvtxxsxurrvtuzrtxszvzxzrovotuo!ovvuzuvtuztutvvuuzxxzxxzuzxsxsxzxzzzsxv                        
                        txxssssywwszzxxuvooortxrovooovzywvoo!ruooottvrrttuzzzxyyyysssssssxxxssxzxxxxxxyz                        
                        txsssssyyyyysuvrrtrrottoovovvorswvrvorutooro!otuxxxxzxywyyysyyssysxssyxzxsssssxz                        
                        ussysssyyysyyyyxzvrr!vrotvoxr!orxuzzvtutrvuszuxxxwwwwwwwyyyyyyssyyssssssyysssssz                        
                        ussyysswwyssyyww$ytrotrtvvovvooorxywvxsttsQmyzzztxQQ$$$$yyyyssyyyyssssysywyyyssz                        
                        ussyysywyyssyyyyywwsvororo!otuvoory$uswxs$yxxtvvtxQQwwwwwyyyysyysysxsssssywysysz                        
                        ussywyywwyssyssssyw$zo!ooo!ovvtvrru$w$$$wysztvvvuw$$wyww$wyyyysyysssyysssyyssyyu                        
                        ussywyyywyyyyyssssywQu!!rr!ooorrtvruwwssxzzuuovuy$$wwwwwwwyyyysssssssyyssyyyssyu                        
                        usssyyywyysywwysssssw$vrvoroorovvvrrrtzuuzztvrvs$Q$wwwww$wyyyyyssssssyyssyyyyysz                        
                        zsssyyywyyyywwwyssssy$$too!ooorroovroovzzxzuuttwmQwyyw$$wwysyyyssyyyyyyssysyssst                        
                        zsssysywwyssyw$wyssxsy$yroo!!rrooovvroouxxzutxxmB$wyy$Q$wwwsyyssssxssssssssssywx                        
                        zsssyywwwyysyw$wyyssssy$xo!!oro!!orrvrrotxztuzwHm$wyw$Q$yyyyyyyywwyyyyyywwwwwwwz                        
                        tsxxxxsywyyyyw$$wwwywysywv!ooo!!orrutrrrouuttumB$wwww$w$$$wwyyssssyyyyyyssssssxu                        
                        ussyyywwyssxsswwwwwww$yyyxr!o!!rrrvuutvrorutuumQwyywwQQwyyssssxsssssssssyysxxsyz                        
                        zwywww$$w$wyww$$yysssysyywto!oorrrvuuttvrottts$ww$$$$ww$$wssssssyyssyyyyyysssyyz                        
                        txxxxxswwwwyyw$$$$wwwwwwwQ$v!!ooortzzttutrvuuwQQ$$w$QQQQ$wyssssssyssssyyyysssyyz                        
                        usxxssyyyssssw$$wwywwwwwwQQxo!oootuzxtvttrrtzQQ$w$QmmmQ$wwysssxsssssssyyyyysssyz                        
                        ussxxssywwyyywwQ$wwywwyyy$$wroorvvuuxtrvvootz$QQQmmmQ$$wyyyysxxxsssyssyyyyysssyx                        
                                                                                                                                
                                                                                                                                
                                                                                                                                
                                                                                                                                
                                                                                                                                
                                                                                                                                
                                                                                                                                
                                                                                                                                
                                                                                                                                
                                                                                                                                
                                                                                                                                
                                                                                                                                
                                                                                                                                
                                                                                                                                
                                                                                                                                
                                                                                                                                
                                                                                                                                
                                                                                                                                
                                                                                                                                
                                                                                                                                
                                                                                                                                
                                                                                                                                
                                                                                                                                
                                                                                                                                
</p>
</body>
</html>
